c:\users\kevin\documents\github\triton-engine\projecttriton\projecttriton\debug\vc120.pdb
c:\users\kevin\documents\github\triton-engine\projecttriton\projecttriton\debug\vc120.idb
c:\users\kevin\documents\github\triton-engine\projecttriton\projecttriton\debug\armature.obj
c:\users\kevin\documents\github\triton-engine\projecttriton\projecttriton\debug\camera.obj
c:\users\kevin\documents\github\triton-engine\projecttriton\projecttriton\debug\display.obj
c:\users\kevin\documents\github\triton-engine\projecttriton\projecttriton\debug\engine.obj
c:\users\kevin\documents\github\triton-engine\projecttriton\projecttriton\debug\game.obj
c:\users\kevin\documents\github\triton-engine\projecttriton\projecttriton\debug\input.obj
c:\users\kevin\documents\github\triton-engine\projecttriton\projecttriton\debug\main.obj
c:\users\kevin\documents\github\triton-engine\projecttriton\projecttriton\debug\mesh.obj
c:\users\kevin\documents\github\triton-engine\projecttriton\projecttriton\debug\objectentity.obj
c:\users\kevin\documents\github\triton-engine\projecttriton\projecttriton\debug\scenelevel.obj
c:\users\kevin\documents\github\triton-engine\projecttriton\projecttriton\debug\shader.obj
c:\users\kevin\documents\github\triton-engine\projecttriton\projecttriton\debug\texture.obj
c:\users\kevin\documents\github\triton-engine\projecttriton\projecttriton\debug\utilities.obj
c:\users\kevin\documents\github\triton-engine\projecttriton\debug\projecttriton.exe
c:\users\kevin\documents\github\triton-engine\projecttriton\projecttriton\debug\projecttriton.tlog\cl.command.1.tlog
c:\users\kevin\documents\github\triton-engine\projecttriton\projecttriton\debug\projecttriton.tlog\cl.read.1.tlog
c:\users\kevin\documents\github\triton-engine\projecttriton\projecttriton\debug\projecttriton.tlog\cl.write.1.tlog
c:\users\kevin\documents\github\triton-engine\projecttriton\projecttriton\debug\projecttriton.tlog\link.command.1.tlog
c:\users\kevin\documents\github\triton-engine\projecttriton\projecttriton\debug\projecttriton.tlog\link.read.1.tlog
c:\users\kevin\documents\github\triton-engine\projecttriton\projecttriton\debug\projecttriton.tlog\link.write.1.tlog
